This is pdfTeX, Version 3.14159265-2.6-1.40.20 (TeX Live 2019/Debian) (preloaded format=pdflatex 2019.12.5)  27 FEB 2020 16:34
entering extended mode
 restricted \write18 enabled.
 file:line:error style messages enabled.
 %&-line parsing enabled.
**/home/marcus/Desktop/gits/miun-report-template/main.tex
(/home/marcus/Desktop/gits/miun-report-template/main.tex
LaTeX2e <2018-12-01>
(/usr/share/texlive/texmf-dist/tex/latex/base/report.cls
Document Class: report 2018/09/03 v1.4i Standard LaTeX document class
(/usr/share/texlive/texmf-dist/tex/latex/base/size12.clo
File: size12.clo 2018/09/03 v1.4i Standard LaTeX file (size option)
)
\c@part=\count80
\c@chapter=\count81
\c@section=\count82
\c@subsection=\count83
\c@subsubsection=\count84
\c@paragraph=\count85
\c@subparagraph=\count86
\c@figure=\count87
\c@table=\count88
\abovecaptionskip=\skip41
\belowcaptionskip=\skip42
\bibindent=\dimen102
)

! LaTeX Error: File `blindtext.sty' not found.

Type X to quit or <RETURN> to proceed,
or enter new name. (Default extension: sty)

Enter file name: 
/home/marcus/Desktop/gits/miun-report-template/main.tex:3: Emergency stop.
<read *> 
         
l.3 \usepackage
               {xcolor}^^M
*** (cannot \read from terminal in nonstop modes)

 
Here is how much of TeX's memory you used:
 222 strings out of 494533
 2494 string characters out of 6176596
 55487 words of memory out of 5000000
 3985 multiletter control sequences out of 15000+600000
 3938 words of font info for 15 fonts, out of 8000000 for 9000
 16 hyphenation exceptions out of 8191
 22i,0n,19p,179b,36s stack positions out of 5000i,500n,10000p,200000b,80000s
/home/marcus/Desktop/gits/miun-report-template/main.tex:3:  ==> Fatal error occurred, no output PDF file produced!
